<?xml version="1.0" encoding="UTF-8"?>
<testsuite xmlns:xsi="http://www.w3.org/2001/XMLSchema-instance" xsi:noNamespaceSchemaLocation="https://maven.apache.org/surefire/maven-surefire-plugin/xsd/surefire-test-report-3.0.xsd" version="3.0" name="com.udacity.security.service.SecurityServiceTest" time="0.42" tests="22" errors="0" skipped="0" failures="0">
  <properties>
[...]
</properties>
  <testcase name="test10(ArmingStatus)[1]" classname="com.udacity.security.service.SecurityServiceTest" time="0.261"/>
  <testcase name="test10(ArmingStatus)[2]" classname="com.udacity.security.service.SecurityServiceTest" time="0.004"/>
  <testcase name="test11" classname="com.udacity.security.service.SecurityServiceTest" time="0.008"/>
  <testcase name="test12" classname="com.udacity.security.service.SecurityServiceTest" time="0.002"/>
  <testcase name="test13" classname="com.udacity.security.service.SecurityServiceTest" time="0.001"/>
  <testcase name="test14" classname="com.udacity.security.service.SecurityServiceTest" time="0.001"/>
  <testcase name="test15" classname="com.udacity.security.service.SecurityServiceTest" time="0.001"/>
  <testcase name="test16" classname="com.udacity.security.service.SecurityServiceTest" time="0.001"/>
  <testcase name="test17(AlarmStatus)[1]" classname="com.udacity.security.service.SecurityServiceTest" time="0.002"/>
  <testcase name="test17(AlarmStatus)[2]" classname="com.udacity.security.service.SecurityServiceTest" time="0.001"/>
  <testcase name="test1" classname="com.udacity.security.service.SecurityServiceTest" time="0.001"/>
  <testcase name="test2" classname="com.udacity.security.service.SecurityServiceTest" time="0.001"/>
  <testcase name="test3" classname="com.udacity.security.service.SecurityServiceTest" time="0.001"/>
  <testcase name="test4(RepetitionInfo)[1]" classname="com.udacity.security.service.SecurityServiceTest" time="0.002"/>
  <testcase name="test4(RepetitionInfo)[2]" classname="com.udacity.security.service.SecurityServiceTest" time="0.001"/>
  <testcase name="test5" classname="com.udacity.security.service.SecurityServiceTest" time="0.002"/>
  <testcase name="test6(AlarmStatus)[1]" classname="com.udacity.security.service.SecurityServiceTest" time="0.001"/>
  <testcase name="test6(AlarmStatus)[2]" classname="com.udacity.security.service.SecurityServiceTest" time="0.002"/>
  <testcase name="test6(AlarmStatus)[3]" classname="com.udacity.security.service.SecurityServiceTest" time="0.002"/>
  <testcase name="test7" classname="com.udacity.security.service.SecurityServiceTest" time="0.001"/>
  <testcase name="test8" classname="com.udacity.security.service.SecurityServiceTest" time="0.062"/>
  <testcase name="test9" classname="com.udacity.security.service.SecurityServiceTest" time="0.001"/>
</testsuite>